<?xml version="1.0" encoding="UTF-8"?>
<!-- Generated by org.testng.reporters.JUnitReportReporter -->
<testsuite hostname="Karan-Lenovo" failures="0" tests="1" name="com.fitpeoFunctionTest.ReimbursementFunctionalTest" time="19.024" errors="0" timestamp="2024-08-04T09:56:43 IST" skipped="0">
  <testcase classname="com.fitpeoFunctionTest.ReimbursementFunctionalTest" name="validate_total_recurring_reimbursement" time="19.024"/>
  <system-out/>
</testsuite> <!-- com.fitpeoFunctionTest.ReimbursementFunctionalTest -->
