<?xml version="1.0" encoding="UTF-8"?>
<!-- Generated by org.testng.reporters.JUnitReportReporter -->
<testsuite hostname="Karan-Lenovo" failures="0" tests="2" name="com.fitpeoFunctionTest.FitpeoFunctionalTest" time="10.322" errors="0" timestamp="2024-08-04T09:44:03 IST" skipped="0">
  <testcase classname="com.fitpeoFunctionTest.FitpeoFunctionalTest" name="user_lands_on_revenue_calculator_page" time="10.062"/>
  <system-out/>
  <testcase classname="com.fitpeoFunctionTest.FitpeoFunctionalTest" name="user_click_on_revenue_calculator_menu_button" time="0.260"/>
  <system-out/>
</testsuite> <!-- com.fitpeoFunctionTest.FitpeoFunctionalTest -->
