<?xml version="1.0" encoding="UTF-8"?>
<!-- Generated by org.testng.reporters.JUnitReportReporter -->
<testsuite hostname="Karan-Lenovo" failures="0" tests="2" name="com.fitpeoFunctionTest.ValidateRevenuePage" time="36.062" errors="0" timestamp="2024-08-04T09:34:12 IST" skipped="0">
  <testcase classname="com.fitpeoFunctionTest.ValidateRevenuePage" name="user_scroll_the_page_till_slide_bar_is_visible_slide_the_bar_as_requested_by_use" time="30.041"/>
  <system-out/>
  <testcase classname="com.fitpeoFunctionTest.ValidateRevenuePage" name="value_should_be_updated_in_text_field" time="6.021"/>
  <system-out/>
</testsuite> <!-- com.fitpeoFunctionTest.ValidateRevenuePage -->
